2020.12.31 14:41:02 INFO  Started: Metals version 0.9.8 in workspace '/home/amal/AmalProjects/vtrack' for client vscode.
2020.12.31 14:41:03 INFO  time: initialize in 0.8s
2020.12.31 14:41:05 WARN  Build server is not auto-connectable.
2020.12.31 14:41:05 WARN  no build tool detected in workspace '/home/amal/AmalProjects/vtrack'. The most common cause for this problem is that the editor was opened in the wrong working directory, for example if you use sbt then the workspace directory should contain build.sbt. 
2020.12.31 14:45:02 INFO  shutting down Metals
2020.12.31 18:23:15 INFO  Started: Metals version 0.9.8 in workspace '/home/amal/AmalProjects/vtrack' for client vscode.
2020.12.31 18:23:17 INFO  time: initialize in 1.56s
2020.12.31 18:23:23 WARN  Build server is not auto-connectable.
2020.12.31 18:23:23 WARN  no build tool detected in workspace '/home/amal/AmalProjects/vtrack'. The most common cause for this problem is that the editor was opened in the wrong working directory, for example if you use sbt then the workspace directory should contain build.sbt. 
Dec 31, 2020 6:26:35 PM org.eclipse.lsp4j.jsonrpc.services.GenericEndpoint notify
INFO: Unsupported notification method: $/setTraceNotification
2021.01.01 09:06:23 INFO  Started: Metals version 0.9.8 in workspace '/home/amal/AmalProjects/vtrack' for client vscode.
2021.01.01 09:06:26 INFO  time: initialize in 2.34s
2021.01.01 09:06:36 WARN  Build server is not auto-connectable.
2021.01.01 09:06:36 WARN  no build tool detected in workspace '/home/amal/AmalProjects/vtrack'. The most common cause for this problem is that the editor was opened in the wrong working directory, for example if you use sbt then the workspace directory should contain build.sbt. 
2021.01.01 09:12:12 INFO  shutting down Metals
2021.01.01 09:25:11 INFO  Started: Metals version 0.9.8 in workspace '/home/amal/AmalProjects/vtrack' for client vscode.
2021.01.01 09:25:12 INFO  time: initialize in 0.84s
2021.01.01 09:25:20 WARN  Build server is not auto-connectable.
2021.01.01 09:25:20 WARN  no build tool detected in workspace '/home/amal/AmalProjects/vtrack'. The most common cause for this problem is that the editor was opened in the wrong working directory, for example if you use sbt then the workspace directory should contain build.sbt. 
2021.01.01 10:01:53 INFO  Started: Metals version 0.9.8 in workspace '/home/amal/AmalProjects/vtrack' for client vscode.
2021.01.01 10:01:55 INFO  time: initialize in 2.17s
2021.01.01 10:02:03 WARN  Build server is not auto-connectable.
2021.01.01 10:02:03 WARN  no build tool detected in workspace '/home/amal/AmalProjects/vtrack'. The most common cause for this problem is that the editor was opened in the wrong working directory, for example if you use sbt then the workspace directory should contain build.sbt. 
2021.01.01 15:10:32 INFO  Started: Metals version 0.9.8 in workspace '/home/amal/AmalProjects/vtrack' for client vscode.
2021.01.01 15:10:33 INFO  time: initialize in 0.94s
2021.01.01 15:10:38 WARN  Build server is not auto-connectable.
2021.01.01 15:10:38 WARN  no build tool detected in workspace '/home/amal/AmalProjects/vtrack'. The most common cause for this problem is that the editor was opened in the wrong working directory, for example if you use sbt then the workspace directory should contain build.sbt. 
Jan 01, 2021 5:11:23 PM org.eclipse.lsp4j.jsonrpc.services.GenericEndpoint notify
INFO: Unsupported notification method: $/setTraceNotification
